<?xml version="1.0" encoding="UTF-8"?>
  <testsuite name="ClusterLoaderV2" tests="0" failures="0" errors="0" time="40.152">
      <testcase name="cleanup-100-projects overall (test/performance/clusterloader2/configs/00-projects.cleanup.yaml)" classname="ClusterLoaderV2" time="40.151216583"></testcase>
      <testcase name="cleanup-100-projects: [step: 01] Start system measurements (cleanup) [00] - Avail" classname="ClusterLoaderV2" time="0.003273542"></testcase>
      <testcase name="cleanup-100-projects: [step: 02] Start timer (delete) [00] - PhaseTimer" classname="ClusterLoaderV2" time="0.000914791"></testcase>
      <testcase name="cleanup-100-projects: [step: 03] Delete Projects" classname="ClusterLoaderV2" time="0.006442917"></testcase>
      <testcase name="cleanup-100-projects: [step: 04] Wait for Projects deletion [00] - WaitNoProjects" classname="ClusterLoaderV2" time="30.104028458"></testcase>
      <testcase name="cleanup-100-projects: [step: 04] Wait for Projects deletion [01] - WaitNoProjects" classname="ClusterLoaderV2" time="30.103995666"></testcase>
      <testcase name="cleanup-100-projects: [step: 05] Stop timer (delete) [00] - PhaseTimer" classname="ClusterLoaderV2" time="0.004132833"></testcase>
      <testcase name="cleanup-100-projects: [step: 06] Gather system measurements (cleanup) [00] - Avail" classname="ClusterLoaderV2" time="0.004165"></testcase>
  </testsuite>